L 1 "flash.cpp"
N//
N// begin license header
N//
N// This file is part of Pixy CMUcam5 or "Pixy" for short
N//
N// All Pixy source code is provided under the terms of the
N// GNU General Public License v2 (http://www.gnu.org/licenses/gpl-2.0.html).
N// Those wishing to use Pixy source code, software and/or
N// technologies under different licensing terms should contact us at
N// cmucam@cs.cmu.edu. Such licensing terms are available for
N// all portions of the Pixy codebase presented here.
N//
N// end license header
N//
N
N#include <string.h>
L 1 "C:\Keil_v5\ARM\ARMCC\bin\..\include\string.h" 1
N/* string.h: ANSI 'C' (X3J11 Oct 88) library header, section 4.11 */
N/* Copyright (C) Codemist Ltd., 1988-1993.                        */
N/* Copyright 1991-1993 ARM Limited. All rights reserved.          */
N/* version 0.04 */
N
N/*
N * RCS $Revision: 177844 $
N * Checkin $Date: 2012-11-21 11:51:12 +0000 (Wed, 21 Nov 2012) $
N */
N
N/*
N * string.h declares one type and several functions, and defines one macro
N * useful for manipulating character arrays and other objects treated as
N * character arrays. Various methods are used for determining the lengths of
N * the arrays, but in all cases a char * or void * argument points to the
N * initial (lowest addresses) character of the array. If an array is written
N * beyond the end of an object, the behaviour is undefined.
N */
N
N#ifndef __string_h
N#define __string_h
N#define __ARMCLIB_VERSION 5040049
N
N#define _ARMABI __declspec(__nothrow)
N
N  #ifndef __STRING_DECLS
N  #define __STRING_DECLS
N
N    #undef __CLIBNS
N
N    #ifdef __cplusplus
N        namespace std {
N        #define __CLIBNS std::
N        extern "C" {
N    #else
S      #define __CLIBNS
N    #endif  /* __cplusplus */
N
N#if defined(__cplusplus) || !defined(__STRICT_ANSI__)
X#if 1L || !0L
N /* unconditional in C++ and non-strict C for consistency of debug info */
N  typedef unsigned int size_t;
N#elif !defined(__size_t)
S  #define __size_t 1
S  typedef unsigned int size_t;   /* see <stddef.h> */
N#endif
N
N#undef NULL
N#define NULL 0                   /* see <stddef.h> */
N
Nextern _ARMABI void *memcpy(void * __restrict /*s1*/,
Xextern __declspec(__nothrow) void *memcpy(void * __restrict  ,
N                    const void * __restrict /*s2*/, size_t /*n*/) __attribute__((__nonnull__(1,2)));
N   /*
N    * copies n characters from the object pointed to by s2 into the object
N    * pointed to by s1. If copying takes place between objects that overlap,
N    * the behaviour is undefined.
N    * Returns: the value of s1.
N    */
Nextern _ARMABI void *memmove(void * /*s1*/,
Xextern __declspec(__nothrow) void *memmove(void *  ,
N                    const void * /*s2*/, size_t /*n*/) __attribute__((__nonnull__(1,2)));
N   /*
N    * copies n characters from the object pointed to by s2 into the object
N    * pointed to by s1. Copying takes place as if the n characters from the
N    * object pointed to by s2 are first copied into a temporary array of n
N    * characters that does not overlap the objects pointed to by s1 and s2,
N    * and then the n characters from the temporary array are copied into the
N    * object pointed to by s1.
N    * Returns: the value of s1.
N    */
Nextern _ARMABI char *strcpy(char * __restrict /*s1*/, const char * __restrict /*s2*/) __attribute__((__nonnull__(1,2)));
Xextern __declspec(__nothrow) char *strcpy(char * __restrict  , const char * __restrict  ) __attribute__((__nonnull__(1,2)));
N   /*
N    * copies the string pointed to by s2 (including the terminating nul
N    * character) into the array pointed to by s1. If copying takes place
N    * between objects that overlap, the behaviour is undefined.
N    * Returns: the value of s1.
N    */
Nextern _ARMABI char *strncpy(char * __restrict /*s1*/, const char * __restrict /*s2*/, size_t /*n*/) __attribute__((__nonnull__(1,2)));
Xextern __declspec(__nothrow) char *strncpy(char * __restrict  , const char * __restrict  , size_t  ) __attribute__((__nonnull__(1,2)));
N   /*
N    * copies not more than n characters (characters that follow a null
N    * character are not copied) from the array pointed to by s2 into the array
N    * pointed to by s1. If copying takes place between objects that overlap,
N    * the behaviour is undefined.
N    * Returns: the value of s1.
N    */
N
Nextern _ARMABI char *strcat(char * __restrict /*s1*/, const char * __restrict /*s2*/) __attribute__((__nonnull__(1,2)));
Xextern __declspec(__nothrow) char *strcat(char * __restrict  , const char * __restrict  ) __attribute__((__nonnull__(1,2)));
N   /*
N    * appends a copy of the string pointed to by s2 (including the terminating
N    * null character) to the end of the string pointed to by s1. The initial
N    * character of s2 overwrites the null character at the end of s1.
N    * Returns: the value of s1.
N    */
Nextern _ARMABI char *strncat(char * __restrict /*s1*/, const char * __restrict /*s2*/, size_t /*n*/) __attribute__((__nonnull__(1,2)));
Xextern __declspec(__nothrow) char *strncat(char * __restrict  , const char * __restrict  , size_t  ) __attribute__((__nonnull__(1,2)));
N   /*
N    * appends not more than n characters (a null character and characters that
N    * follow it are not appended) from the array pointed to by s2 to the end of
N    * the string pointed to by s1. The initial character of s2 overwrites the
N    * null character at the end of s1. A terminating null character is always
N    * appended to the result.
N    * Returns: the value of s1.
N    */
N
N/*
N * The sign of a nonzero value returned by the comparison functions is
N * determined by the sign of the difference between the values of the first
N * pair of characters (both interpreted as unsigned char) that differ in the
N * objects being compared.
N */
N
Nextern _ARMABI int memcmp(const void * /*s1*/, const void * /*s2*/, size_t /*n*/) __attribute__((__nonnull__(1,2)));
Xextern __declspec(__nothrow) int memcmp(const void *  , const void *  , size_t  ) __attribute__((__nonnull__(1,2)));
N   /*
N    * compares the first n characters of the object pointed to by s1 to the
N    * first n characters of the object pointed to by s2.
N    * Returns: an integer greater than, equal to, or less than zero, according
N    *          as the object pointed to by s1 is greater than, equal to, or
N    *          less than the object pointed to by s2.
N    */
Nextern _ARMABI int strcmp(const char * /*s1*/, const char * /*s2*/) __attribute__((__nonnull__(1,2)));
Xextern __declspec(__nothrow) int strcmp(const char *  , const char *  ) __attribute__((__nonnull__(1,2)));
N   /*
N    * compares the string pointed to by s1 to the string pointed to by s2.
N    * Returns: an integer greater than, equal to, or less than zero, according
N    *          as the string pointed to by s1 is greater than, equal to, or
N    *          less than the string pointed to by s2.
N    */
Nextern _ARMABI int strncmp(const char * /*s1*/, const char * /*s2*/, size_t /*n*/) __attribute__((__nonnull__(1,2)));
Xextern __declspec(__nothrow) int strncmp(const char *  , const char *  , size_t  ) __attribute__((__nonnull__(1,2)));
N   /*
N    * compares not more than n characters (characters that follow a null
N    * character are not compared) from the array pointed to by s1 to the array
N    * pointed to by s2.
N    * Returns: an integer greater than, equal to, or less than zero, according
N    *          as the string pointed to by s1 is greater than, equal to, or
N    *          less than the string pointed to by s2.
N    */
Nextern _ARMABI int strcasecmp(const char * /*s1*/, const char * /*s2*/) __attribute__((__nonnull__(1,2)));
Xextern __declspec(__nothrow) int strcasecmp(const char *  , const char *  ) __attribute__((__nonnull__(1,2)));
N   /*
N    * compares the string pointed to by s1 to the string pointed to by s2,
N    * case-insensitively as defined by the current locale.
N    * Returns: an integer greater than, equal to, or less than zero, according
N    *          as the string pointed to by s1 is greater than, equal to, or
N    *          less than the string pointed to by s2.
N    */
Nextern _ARMABI int strncasecmp(const char * /*s1*/, const char * /*s2*/, size_t /*n*/) __attribute__((__nonnull__(1,2)));
Xextern __declspec(__nothrow) int strncasecmp(const char *  , const char *  , size_t  ) __attribute__((__nonnull__(1,2)));
N   /*
N    * compares not more than n characters (characters that follow a null
N    * character are not compared) from the array pointed to by s1 to the array
N    * pointed to by s2, case-insensitively as defined by the current locale.
N    * Returns: an integer greater than, equal to, or less than zero, according
N    *          as the string pointed to by s1 is greater than, equal to, or
N    *          less than the string pointed to by s2.
N    */
Nextern _ARMABI int strcoll(const char * /*s1*/, const char * /*s2*/) __attribute__((__nonnull__(1,2)));
Xextern __declspec(__nothrow) int strcoll(const char *  , const char *  ) __attribute__((__nonnull__(1,2)));
N   /*
N    * compares the string pointed to by s1 to the string pointed to by s2, both
N    * interpreted as appropriate to the LC_COLLATE category of the current
N    * locale.
N    * Returns: an integer greater than, equal to, or less than zero, according
N    *          as the string pointed to by s1 is greater than, equal to, or
N    *          less than the string pointed to by s2 when both are interpreted
N    *          as appropriate to the current locale.
N    */
N
Nextern _ARMABI size_t strxfrm(char * __restrict /*s1*/, const char * __restrict /*s2*/, size_t /*n*/) __attribute__((__nonnull__(2)));
Xextern __declspec(__nothrow) size_t strxfrm(char * __restrict  , const char * __restrict  , size_t  ) __attribute__((__nonnull__(2)));
N   /*
N    * transforms the string pointed to by s2 and places the resulting string
N    * into the array pointed to by s1. The transformation function is such that
N    * if the strcmp function is applied to two transformed strings, it returns
N    * a value greater than, equal to or less than zero, corresponding to the
N    * result of the strcoll function applied to the same two original strings.
N    * No more than n characters are placed into the resulting array pointed to
N    * by s1, including the terminating null character. If n is zero, s1 is
N    * permitted to be a null pointer. If copying takes place between objects
N    * that overlap, the behaviour is undefined.
N    * Returns: The length of the transformed string is returned (not including
N    *          the terminating null character). If the value returned is n or
N    *          more, the contents of the array pointed to by s1 are
N    *          indeterminate.
N    */
N
N
N#ifdef __cplusplus
Nextern _ARMABI const void *memchr(const void * /*s*/, int /*c*/, size_t /*n*/) __attribute__((__nonnull__(1)));
Xextern __declspec(__nothrow) const void *memchr(const void *  , int  , size_t  ) __attribute__((__nonnull__(1)));
Nextern "C++" void *memchr(void * __s, int __c, size_t __n) __attribute__((__nonnull__(1)));
Nextern "C++" inline void *memchr(void * __s, int __c, size_t __n)
N    { return const_cast<void *>(memchr(const_cast<const void *>(__s), __c, __n)); }
N#else
Sextern _ARMABI void *memchr(const void * /*s*/, int /*c*/, size_t /*n*/) __attribute__((__nonnull__(1)));
N#endif
N   /*
N    * locates the first occurence of c (converted to an unsigned char) in the
N    * initial n characters (each interpreted as unsigned char) of the object
N    * pointed to by s.
N    * Returns: a pointer to the located character, or a null pointer if the
N    *          character does not occur in the object.
N    */
N
N#ifdef __cplusplus
Nextern _ARMABI const char *strchr(const char * /*s*/, int /*c*/) __attribute__((__nonnull__(1)));
Xextern __declspec(__nothrow) const char *strchr(const char *  , int  ) __attribute__((__nonnull__(1)));
Nextern "C++" char *strchr(char * __s, int __c) __attribute__((__nonnull__(1)));
Nextern "C++" inline char *strchr(char * __s, int __c)
N    { return const_cast<char *>(strchr(const_cast<const char *>(__s), __c)); }
N#else
Sextern _ARMABI char *strchr(const char * /*s*/, int /*c*/) __attribute__((__nonnull__(1)));
N#endif
N   /*
N    * locates the first occurence of c (converted to an char) in the string
N    * pointed to by s (including the terminating null character).
N    * Returns: a pointer to the located character, or a null pointer if the
N    *          character does not occur in the string.
N    */
N
Nextern _ARMABI size_t strcspn(const char * /*s1*/, const char * /*s2*/) __attribute__((__nonnull__(1,2)));
Xextern __declspec(__nothrow) size_t strcspn(const char *  , const char *  ) __attribute__((__nonnull__(1,2)));
N   /*
N    * computes the length of the initial segment of the string pointed to by s1
N    * which consists entirely of characters not from the string pointed to by
N    * s2. The terminating null character is not considered part of s2.
N    * Returns: the length of the segment.
N    */
N
N#ifdef __cplusplus
Nextern _ARMABI const char *strpbrk(const char * /*s1*/, const char * /*s2*/) __attribute__((__nonnull__(1,2)));
Xextern __declspec(__nothrow) const char *strpbrk(const char *  , const char *  ) __attribute__((__nonnull__(1,2)));
Nextern "C++" char *strpbrk(char * __s1, const char * __s2) __attribute__((__nonnull__(1,2)));
Nextern "C++" inline char *strpbrk(char * __s1, const char * __s2)
N    { return const_cast<char *>(strpbrk(const_cast<const char *>(__s1), __s2)); }
N#else
Sextern _ARMABI char *strpbrk(const char * /*s1*/, const char * /*s2*/) __attribute__((__nonnull__(1,2)));
N#endif
N   /*
N    * locates the first occurence in the string pointed to by s1 of any
N    * character from the string pointed to by s2.
N    * Returns: returns a pointer to the character, or a null pointer if no
N    *          character form s2 occurs in s1.
N    */
N
N#ifdef __cplusplus
Nextern _ARMABI const char *strrchr(const char * /*s*/, int /*c*/) __attribute__((__nonnull__(1)));
Xextern __declspec(__nothrow) const char *strrchr(const char *  , int  ) __attribute__((__nonnull__(1)));
Nextern "C++" char *strrchr(char * __s, int __c) __attribute__((__nonnull__(1)));
Nextern "C++" inline char *strrchr(char * __s, int __c)
N    { return const_cast<char *>(strrchr(const_cast<const char *>(__s), __c)); }
N#else
Sextern _ARMABI char *strrchr(const char * /*s*/, int /*c*/) __attribute__((__nonnull__(1)));
N#endif
N   /*
N    * locates the last occurence of c (converted to a char) in the string
N    * pointed to by s. The terminating null character is considered part of
N    * the string.
N    * Returns: returns a pointer to the character, or a null pointer if c does
N    *          not occur in the string.
N    */
N
Nextern _ARMABI size_t strspn(const char * /*s1*/, const char * /*s2*/) __attribute__((__nonnull__(1,2)));
Xextern __declspec(__nothrow) size_t strspn(const char *  , const char *  ) __attribute__((__nonnull__(1,2)));
N   /*
N    * computes the length of the initial segment of the string pointed to by s1
N    * which consists entirely of characters from the string pointed to by S2
N    * Returns: the length of the segment.
N    */
N
N#ifdef __cplusplus
Nextern _ARMABI const char *strstr(const char * /*s1*/, const char * /*s2*/) __attribute__((__nonnull__(1,2)));
Xextern __declspec(__nothrow) const char *strstr(const char *  , const char *  ) __attribute__((__nonnull__(1,2)));
Nextern "C++" char *strstr(char * __s1, const char * __s2) __attribute__((__nonnull__(1,2)));
Nextern "C++" inline char *strstr(char * __s1, const char * __s2)
N    { return const_cast<char *>(strstr(const_cast<const char *>(__s1), __s2)); }
N#else
Sextern _ARMABI char *strstr(const char * /*s1*/, const char * /*s2*/) __attribute__((__nonnull__(1,2)));
N#endif
N   /*
N    * locates the first occurence in the string pointed to by s1 of the
N    * sequence of characters (excluding the terminating null character) in the
N    * string pointed to by s2.
N    * Returns: a pointer to the located string, or a null pointer if the string
N    *          is not found.
N    */
N
Nextern _ARMABI char *strtok(char * __restrict /*s1*/, const char * __restrict /*s2*/) __attribute__((__nonnull__(2)));
Xextern __declspec(__nothrow) char *strtok(char * __restrict  , const char * __restrict  ) __attribute__((__nonnull__(2)));
Nextern _ARMABI char *_strtok_r(char * /*s1*/, const char * /*s2*/, char ** /*ptr*/) __attribute__((__nonnull__(2,3)));
Xextern __declspec(__nothrow) char *_strtok_r(char *  , const char *  , char **  ) __attribute__((__nonnull__(2,3)));
N#ifndef __STRICT_ANSI__
Nextern _ARMABI char *strtok_r(char * /*s1*/, const char * /*s2*/, char ** /*ptr*/) __attribute__((__nonnull__(2,3)));
Xextern __declspec(__nothrow) char *strtok_r(char *  , const char *  , char **  ) __attribute__((__nonnull__(2,3)));
N#endif
N   /*
N    * A sequence of calls to the strtok function breaks the string pointed to
N    * by s1 into a sequence of tokens, each of which is delimited by a
N    * character from the string pointed to by s2. The first call in the
N    * sequence has s1 as its first argument, and is followed by calls with a
N    * null pointer as their first argument. The separator string pointed to by
N    * s2 may be different from call to call.
N    * The first call in the sequence searches for the first character that is
N    * not contained in the current separator string s2. If no such character
N    * is found, then there are no tokens in s1 and the strtok function returns
N    * a null pointer. If such a character is found, it is the start of the
N    * first token.
N    * The strtok function then searches from there for a character that is
N    * contained in the current separator string. If no such character is found,
N    * the current token extends to the end of the string pointed to by s1, and
N    * subsequent searches for a token will fail. If such a character is found,
N    * it is overwritten by a null character, which terminates the current
N    * token. The strtok function saves a pointer to the following character,
N    * from which the next search for a token will start.
N    * Each subsequent call, with a null pointer as the value for the first
N    * argument, starts searching from the saved pointer and behaves as
N    * described above.
N    * Returns: pointer to the first character of a token, or a null pointer if
N    *          there is no token.
N    *
N    * strtok_r() is a common extension which works exactly like
N    * strtok(), but instead of storing its state in a hidden
N    * library variable, requires the user to pass in a pointer to a
N    * char * variable which will be used instead. Any sequence of
N    * calls to strtok_r() passing the same char ** pointer should
N    * behave exactly like the corresponding sequence of calls to
N    * strtok(). This means that strtok_r() can safely be used in
N    * multi-threaded programs, and also that you can tokenise two
N    * strings in parallel.
N    */
N
Nextern _ARMABI void *memset(void * /*s*/, int /*c*/, size_t /*n*/) __attribute__((__nonnull__(1)));
Xextern __declspec(__nothrow) void *memset(void *  , int  , size_t  ) __attribute__((__nonnull__(1)));
N   /*
N    * copies the value of c (converted to an unsigned char) into each of the
N    * first n charactes of the object pointed to by s.
N    * Returns: the value of s.
N    */
Nextern _ARMABI char *strerror(int /*errnum*/);
Xextern __declspec(__nothrow) char *strerror(int  );
N   /*
N    * maps the error number in errnum to an error message string.
N    * Returns: a pointer to the string, the contents of which are
N    *          implementation-defined. The array pointed to shall not be
N    *          modified by the program, but may be overwritten by a
N    *          subsequent call to the strerror function.
N    */
Nextern _ARMABI size_t strlen(const char * /*s*/) __attribute__((__nonnull__(1)));
Xextern __declspec(__nothrow) size_t strlen(const char *  ) __attribute__((__nonnull__(1)));
N   /*
N    * computes the length of the string pointed to by s.
N    * Returns: the number of characters that precede the terminating null
N    *          character.
N    */
N
Nextern _ARMABI size_t strlcpy(char * /*dst*/, const char * /*src*/, size_t /*len*/) __attribute__((__nonnull__(1,2)));
Xextern __declspec(__nothrow) size_t strlcpy(char *  , const char *  , size_t  ) __attribute__((__nonnull__(1,2)));
N   /*
N    * copies the string src into the string dst, using no more than
N    * len bytes of dst. Always null-terminates dst _within the
N    * length len (i.e. will copy at most len-1 bytes of string plus
N    * a NUL), unless len is actually zero.
N    * 
N    * Return value is the length of the string that _would_ have
N    * been written, i.e. the length of src. Thus, the operation
N    * succeeded without truncation if and only if ret < len;
N    * otherwise, the value in ret tells you how big to make dst if
N    * you decide to reallocate it. (That value does _not_ include
N    * the NUL.)
N    * 
N    * This is a BSD-derived library extension, which we are
N    * permitted to declare in a standard header because ISO defines
N    * function names beginning with 'str' as reserved for future
N    * expansion of <string.h>.
N    */
N
Nextern _ARMABI size_t strlcat(char * /*dst*/, const char * /*src*/, size_t /*len*/) __attribute__((__nonnull__(1,2)));
Xextern __declspec(__nothrow) size_t strlcat(char *  , const char *  , size_t  ) __attribute__((__nonnull__(1,2)));
N   /*
N    * concatenates the string src to the string dst, using no more
N    * than len bytes of dst. Always null-terminates dst _within the
N    * length len (i.e. will copy at most len-1 bytes of string plus
N    * a NUL), unless len is actually zero.
N    * 
N    * Return value is the length of the string that _would_ have
N    * been written, i.e. the length of src plus the original length
N    * of dst. Thus, the operation succeeded without truncation if
N    * and only if ret < len; otherwise, the value in ret tells you
N    * how big to make dst if you decide to reallocate it. (That
N    * value does _not_ include the NUL.)
N    * 
N    * If no NUL is encountered within the first len bytes of dst,
N    * then the length of dst is considered to have been equal to
N    * len for the purposes of the return value (as if there were a
N    * NUL at dst[len]). Thus, the return value in this case is len
N    * + strlen(src).
N    * 
N    * This is a BSD-derived library extension, which we are
N    * permitted to declare in a standard header because ISO defines
N    * function names beginning with 'str' as reserved for future
N    * expansion of <string.h>.
N    */
N
Nextern _ARMABI void _membitcpybl(void * /*dest*/, const void * /*src*/, int /*destoffset*/, int /*srcoffset*/, size_t /*nbits*/) __attribute__((__nonnull__(1,2)));
Xextern __declspec(__nothrow) void _membitcpybl(void *  , const void *  , int  , int  , size_t  ) __attribute__((__nonnull__(1,2)));
Nextern _ARMABI void _membitcpybb(void * /*dest*/, const void * /*src*/, int /*destoffset*/, int /*srcoffset*/, size_t /*nbits*/) __attribute__((__nonnull__(1,2)));
Xextern __declspec(__nothrow) void _membitcpybb(void *  , const void *  , int  , int  , size_t  ) __attribute__((__nonnull__(1,2)));
Nextern _ARMABI void _membitcpyhl(void * /*dest*/, const void * /*src*/, int /*destoffset*/, int /*srcoffset*/, size_t /*nbits*/) __attribute__((__nonnull__(1,2)));
Xextern __declspec(__nothrow) void _membitcpyhl(void *  , const void *  , int  , int  , size_t  ) __attribute__((__nonnull__(1,2)));
Nextern _ARMABI void _membitcpyhb(void * /*dest*/, const void * /*src*/, int /*destoffset*/, int /*srcoffset*/, size_t /*nbits*/) __attribute__((__nonnull__(1,2)));
Xextern __declspec(__nothrow) void _membitcpyhb(void *  , const void *  , int  , int  , size_t  ) __attribute__((__nonnull__(1,2)));
Nextern _ARMABI void _membitcpywl(void * /*dest*/, const void * /*src*/, int /*destoffset*/, int /*srcoffset*/, size_t /*nbits*/) __attribute__((__nonnull__(1,2)));
Xextern __declspec(__nothrow) void _membitcpywl(void *  , const void *  , int  , int  , size_t  ) __attribute__((__nonnull__(1,2)));
Nextern _ARMABI void _membitcpywb(void * /*dest*/, const void * /*src*/, int /*destoffset*/, int /*srcoffset*/, size_t /*nbits*/) __attribute__((__nonnull__(1,2)));
Xextern __declspec(__nothrow) void _membitcpywb(void *  , const void *  , int  , int  , size_t  ) __attribute__((__nonnull__(1,2)));
Nextern _ARMABI void _membitmovebl(void * /*dest*/, const void * /*src*/, int /*destoffset*/, int /*srcoffset*/, size_t /*nbits*/) __attribute__((__nonnull__(1,2)));
Xextern __declspec(__nothrow) void _membitmovebl(void *  , const void *  , int  , int  , size_t  ) __attribute__((__nonnull__(1,2)));
Nextern _ARMABI void _membitmovebb(void * /*dest*/, const void * /*src*/, int /*destoffset*/, int /*srcoffset*/, size_t /*nbits*/) __attribute__((__nonnull__(1,2)));
Xextern __declspec(__nothrow) void _membitmovebb(void *  , const void *  , int  , int  , size_t  ) __attribute__((__nonnull__(1,2)));
Nextern _ARMABI void _membitmovehl(void * /*dest*/, const void * /*src*/, int /*destoffset*/, int /*srcoffset*/, size_t /*nbits*/) __attribute__((__nonnull__(1,2)));
Xextern __declspec(__nothrow) void _membitmovehl(void *  , const void *  , int  , int  , size_t  ) __attribute__((__nonnull__(1,2)));
Nextern _ARMABI void _membitmovehb(void * /*dest*/, const void * /*src*/, int /*destoffset*/, int /*srcoffset*/, size_t /*nbits*/) __attribute__((__nonnull__(1,2)));
Xextern __declspec(__nothrow) void _membitmovehb(void *  , const void *  , int  , int  , size_t  ) __attribute__((__nonnull__(1,2)));
Nextern _ARMABI void _membitmovewl(void * /*dest*/, const void * /*src*/, int /*destoffset*/, int /*srcoffset*/, size_t /*nbits*/) __attribute__((__nonnull__(1,2)));
Xextern __declspec(__nothrow) void _membitmovewl(void *  , const void *  , int  , int  , size_t  ) __attribute__((__nonnull__(1,2)));
Nextern _ARMABI void _membitmovewb(void * /*dest*/, const void * /*src*/, int /*destoffset*/, int /*srcoffset*/, size_t /*nbits*/) __attribute__((__nonnull__(1,2)));
Xextern __declspec(__nothrow) void _membitmovewb(void *  , const void *  , int  , int  , size_t  ) __attribute__((__nonnull__(1,2)));
N    /*
N     * Copies or moves a piece of memory from one place to another,
N     * with one-bit granularity. So you can start or finish a copy
N     * part way through a byte, and you can copy between regions
N     * with different alignment within a byte.
N     * 
N     * All these functions have the same prototype: two void *
N     * pointers for destination and source, then two integers
N     * giving the bit offset from those pointers, and finally the
N     * number of bits to copy.
N     * 
N     * Just like memcpy and memmove, the "cpy" functions copy as
N     * fast as they can in the assumption that the memory regions
N     * do not overlap, while the "move" functions cope correctly
N     * with overlap.
N     *
N     * Treating memory as a stream of individual bits requires
N     * defining a convention about what order those bits are
N     * considered to be arranged in. The above functions support
N     * multiple conventions:
N     * 
N     *  - the "bl" functions consider the unit of memory to be the
N     *    byte, and consider the bits within each byte to be
N     *    arranged in little-endian fashion, so that the LSB comes
N     *    first. (For example, membitcpybl(a,b,0,7,1) would copy
N     *    the MSB of the byte at b to the LSB of the byte at a.)
N     * 
N     *  - the "bb" functions consider the unit of memory to be the
N     *    byte, and consider the bits within each byte to be
N     *    arranged in big-endian fashion, so that the MSB comes
N     *    first.
N     * 
N     *  - the "hl" functions consider the unit of memory to be the
N     *    16-bit halfword, and consider the bits within each word
N     *    to be arranged in little-endian fashion.
N     * 
N     *  - the "hb" functions consider the unit of memory to be the
N     *    16-bit halfword, and consider the bits within each word
N     *    to be arranged in big-endian fashion.
N     * 
N     *  - the "wl" functions consider the unit of memory to be the
N     *    32-bit word, and consider the bits within each word to be
N     *    arranged in little-endian fashion.
N     * 
N     *  - the "wb" functions consider the unit of memory to be the
N     *    32-bit word, and consider the bits within each word to be
N     *    arranged in big-endian fashion.
N     */
N
N    #ifdef __cplusplus
N         }  /* extern "C" */
N      }  /* namespace std */
N    #endif /* __cplusplus */
N  #endif /* __STRING_DECLS */
N
N  #ifdef __cplusplus
N    #ifndef __STRING_NO_EXPORTS
N      using ::std::size_t;
N      using ::std::memcpy;
N      using ::std::memmove;
N      using ::std::strcpy;
N      using ::std::strncpy;
N      using ::std::strcat;
N      using ::std::strncat;
N      using ::std::memcmp;
N      using ::std::strcmp;
N      using ::std::strncmp;
N      using ::std::strcasecmp;
N      using ::std::strncasecmp;
N      using ::std::strcoll;
N      using ::std::strxfrm;
N      using ::std::memchr;
N      using ::std::strchr;
N      using ::std::strcspn;
N      using ::std::strpbrk;
N      using ::std::strrchr;
N      using ::std::strspn;
N      using ::std::strstr;
N      using ::std::strtok;
N#ifndef __STRICT_ANSI__
N      using ::std::strtok_r;
N#endif
N      using ::std::_strtok_r;
N      using ::std::memset;
N      using ::std::strerror;
N      using ::std::strlen;
N      using ::std::strlcpy;
N      using ::std::strlcat;
N      using ::std::_membitcpybl;
N      using ::std::_membitcpybb;
N      using ::std::_membitcpyhl;
N      using ::std::_membitcpyhb;
N      using ::std::_membitcpywl;
N      using ::std::_membitcpywb;
N      using ::std::_membitmovebl;
N      using ::std::_membitmovebb;
N      using ::std::_membitmovehl;
N      using ::std::_membitmovehb;
N      using ::std::_membitmovewl;
N      using ::std::_membitmovewb;
N    #endif /* __STRING_NO_EXPORTS */
N  #endif /* __cplusplus */
N
N#endif
N
N/* end of string.h */
N
L 17 "flash.cpp" 2
N#include "flash.h"
L 1 "flash.h" 1
N//
N// begin license header
N//
N// This file is part of Pixy CMUcam5 or "Pixy" for short
N//
N// All Pixy source code is provided under the terms of the
N// GNU General Public License v2 (http://www.gnu.org/licenses/gpl-2.0.html).
N// Those wishing to use Pixy source code, software and/or
N// technologies under different licensing terms should contact us at
N// cmucam@cs.cmu.edu. Such licensing terms are available for
N// all portions of the Pixy codebase presented here.
N//
N// end license header
N//
N
N#ifndef _FLASH_H
N#define _FLASH_H
N#include "spifi_rom_api.h"
L 1 "spifi_rom_api.h" 1
N//
N// begin license header
N//
N// This file is part of Pixy CMUcam5 or "Pixy" for short
N//
N// All Pixy source code is provided under the terms of the
N// GNU General Public License v2 (http://www.gnu.org/licenses/gpl-2.0.html).
N// Those wishing to use Pixy source code, software and/or
N// technologies under different licensing terms should contact us at
N// cmucam@cs.cmu.edu. Such licensing terms are available for
N// all portions of the Pixy codebase presented here.
N//
N// end license header
N//
N
N/***********************************************************************
N*   Copyright(C) 2011, NXP Semiconductor
N*   All rights reserved.
N*
N* Software that is described herein is for illustrative purposes only
N* which provides customers with programming information regarding the
N* products. This software is supplied "AS IS" without any warranties.
N* NXP Semiconductors assumes no responsibility or liability for the
N* use of the software, conveys no license or title under any patent,
N* copyright, or mask work right to the product. NXP Semiconductors
N* reserves the right to make changes in the software without
N* notification. NXP Semiconductors also make no representation or
N* warranty that such application will be suitable for the specified
N* use without further testing or modification.
N* Permission to use, copy, modify, and distribute this software and its
N* documentation is hereby granted, under NXP Semiconductors'
N* relevant copyright in the software, without fee, provided that it
N* is used in conjunction with NXP Semiconductors microcontrollers.  This
N* copyright, permission, and disclaimer notice must appear in all copies of
N* this code.
N**********************************************************************/
N
N#ifndef SPIFI_ROM_API_H
N#define SPIFI_ROM_API_H
N
N#include <stdint.h>
L 1 "C:\Keil_v5\ARM\ARMCC\bin\..\include\stdint.h" 1
N/* Copyright (C) ARM Ltd., 1999 */
N/* All rights reserved */
N
N/*
N * RCS $Revision: 180721 $
N * Checkin $Date: 2013-06-24 09:41:57 +0100 (Mon, 24 Jun 2013) $
N * Revising $Author: agrant $
N */
N
N#ifndef __stdint_h
N#define __stdint_h
N#define __ARMCLIB_VERSION 5040049
N
N/*
N * Depending on compiler version __int64 or __INT64_TYPE__ should be defined.
N */
N#ifndef __int64
N  #ifdef __INT64_TYPE__
S    #define __int64 __INT64_TYPE__
N  #endif
N  /* On some architectures neither of these may be defined - if so, fall
N     through and error out if used. */
N#endif
N
N  #ifndef __STDINT_DECLS
N  #define __STDINT_DECLS
N
N    #undef __CLIBNS
N
N    #ifdef __cplusplus
N      namespace std {
N          #define __CLIBNS std::
N          extern "C" {
N    #else
S      #define __CLIBNS
N    #endif  /* __cplusplus */
N
N
N/*
N * 'signed' is redundant below, except for 'signed char' and if
N * the typedef is used to declare a bitfield.
N * '__int64' is used instead of 'long long' so that this header
N * can be used in --strict mode.
N */
N
N    /* 7.18.1.1 */
N
N    /* exact-width signed integer types */
Ntypedef   signed          char int8_t;
Ntypedef   signed short     int int16_t;
Ntypedef   signed           int int32_t;
Ntypedef   signed       __int64 int64_t;
N
N    /* exact-width unsigned integer types */
Ntypedef unsigned          char uint8_t;
Ntypedef unsigned short     int uint16_t;
Ntypedef unsigned           int uint32_t;
Ntypedef unsigned       __int64 uint64_t;
N
N    /* 7.18.1.2 */
N
N    /* smallest type of at least n bits */
N    /* minimum-width signed integer types */
Ntypedef   signed          char int_least8_t;
Ntypedef   signed short     int int_least16_t;
Ntypedef   signed           int int_least32_t;
Ntypedef   signed       __int64 int_least64_t;
N
N    /* minimum-width unsigned integer types */
Ntypedef unsigned          char uint_least8_t;
Ntypedef unsigned short     int uint_least16_t;
Ntypedef unsigned           int uint_least32_t;
Ntypedef unsigned       __int64 uint_least64_t;
N
N    /* 7.18.1.3 */
N
N    /* fastest minimum-width signed integer types */
Ntypedef   signed           int int_fast8_t;
Ntypedef   signed           int int_fast16_t;
Ntypedef   signed           int int_fast32_t;
Ntypedef   signed       __int64 int_fast64_t;
N
N    /* fastest minimum-width unsigned integer types */
Ntypedef unsigned           int uint_fast8_t;
Ntypedef unsigned           int uint_fast16_t;
Ntypedef unsigned           int uint_fast32_t;
Ntypedef unsigned       __int64 uint_fast64_t;
N
N    /* 7.18.1.4 integer types capable of holding object pointers */
Ntypedef   signed           int intptr_t;
Ntypedef unsigned           int uintptr_t;
N
N    /* 7.18.1.5 greatest-width integer types */
Ntypedef   signed       __int64 intmax_t;
Ntypedef unsigned       __int64 uintmax_t;
N
N
N#if !defined(__cplusplus) || defined(__STDC_LIMIT_MACROS)
X#if !1L || 0L
S
S    /* 7.18.2.1 */
S
S    /* minimum values of exact-width signed integer types */
S#define INT8_MIN                   -128
S#define INT16_MIN                -32768
S#define INT32_MIN          (~0x7fffffff)   /* -2147483648 is unsigned */
S#define INT64_MIN  __ESCAPE__(~0x7fffffffffffffffll) /* -9223372036854775808 is unsigned */
S
S    /* maximum values of exact-width signed integer types */
S#define INT8_MAX                    127
S#define INT16_MAX                 32767
S#define INT32_MAX            2147483647
S#define INT64_MAX  __ESCAPE__(9223372036854775807ll)
S
S    /* maximum values of exact-width unsigned integer types */
S#define UINT8_MAX                   255
S#define UINT16_MAX                65535
S#define UINT32_MAX           4294967295u
S#define UINT64_MAX __ESCAPE__(18446744073709551615ull)
S
S    /* 7.18.2.2 */
S
S    /* minimum values of minimum-width signed integer types */
S#define INT_LEAST8_MIN                   -128
S#define INT_LEAST16_MIN                -32768
S#define INT_LEAST32_MIN          (~0x7fffffff)
S#define INT_LEAST64_MIN  __ESCAPE__(~0x7fffffffffffffffll)
S
S    /* maximum values of minimum-width signed integer types */
S#define INT_LEAST8_MAX                    127
S#define INT_LEAST16_MAX                 32767
S#define INT_LEAST32_MAX            2147483647
S#define INT_LEAST64_MAX  __ESCAPE__(9223372036854775807ll)
S
S    /* maximum values of minimum-width unsigned integer types */
S#define UINT_LEAST8_MAX                   255
S#define UINT_LEAST16_MAX                65535
S#define UINT_LEAST32_MAX           4294967295u
S#define UINT_LEAST64_MAX __ESCAPE__(18446744073709551615ull)
S
S    /* 7.18.2.3 */
S
S    /* minimum values of fastest minimum-width signed integer types */
S#define INT_FAST8_MIN           (~0x7fffffff)
S#define INT_FAST16_MIN          (~0x7fffffff)
S#define INT_FAST32_MIN          (~0x7fffffff)
S#define INT_FAST64_MIN  __ESCAPE__(~0x7fffffffffffffffll)
S
S    /* maximum values of fastest minimum-width signed integer types */
S#define INT_FAST8_MAX             2147483647
S#define INT_FAST16_MAX            2147483647
S#define INT_FAST32_MAX            2147483647
S#define INT_FAST64_MAX  __ESCAPE__(9223372036854775807ll)
S
S    /* maximum values of fastest minimum-width unsigned integer types */
S#define UINT_FAST8_MAX            4294967295u
S#define UINT_FAST16_MAX           4294967295u
S#define UINT_FAST32_MAX           4294967295u
S#define UINT_FAST64_MAX __ESCAPE__(18446744073709551615ull)
S
S    /* 7.18.2.4 */
S
S    /* minimum value of pointer-holding signed integer type */
S#define INTPTR_MIN (~0x7fffffff)
S
S    /* maximum value of pointer-holding signed integer type */
S#define INTPTR_MAX   2147483647
S
S    /* maximum value of pointer-holding unsigned integer type */
S#define UINTPTR_MAX  4294967295u
S
S    /* 7.18.2.5 */
S
S    /* minimum value of greatest-width signed integer type */
S#define INTMAX_MIN  __ESCAPE__(~0x7fffffffffffffffll)
S
S    /* maximum value of greatest-width signed integer type */
S#define INTMAX_MAX  __ESCAPE__(9223372036854775807ll)
S
S    /* maximum value of greatest-width unsigned integer type */
S#define UINTMAX_MAX __ESCAPE__(18446744073709551615ull)
S
S    /* 7.18.3 */
S
S    /* limits of ptrdiff_t */
S#define PTRDIFF_MIN (~0x7fffffff)
S#define PTRDIFF_MAX   2147483647
S
S    /* limits of sig_atomic_t */
S#define SIG_ATOMIC_MIN (~0x7fffffff)
S#define SIG_ATOMIC_MAX   2147483647
S
S    /* limit of size_t */
S#define SIZE_MAX 4294967295u
S
S    /* limits of wchar_t */
S    /* NB we have to undef and redef because they're defined in both
S     * stdint.h and wchar.h */
S#undef WCHAR_MIN
S#undef WCHAR_MAX
S
S#if defined(__WCHAR32) || (defined(__ARM_SIZEOF_WCHAR_T) && __ARM_SIZEOF_WCHAR_T == 4)
S  #define WCHAR_MIN   0
S  #define WCHAR_MAX   0xffffffffU
S#else
S  #define WCHAR_MIN   0
S  #define WCHAR_MAX   65535
S#endif
S
S    /* limits of wint_t */
S#define WINT_MIN (~0x7fffffff)
S#define WINT_MAX 2147483647
S
N#endif /* __STDC_LIMIT_MACROS */
N
N#if !defined(__cplusplus) || defined(__STDC_CONSTANT_MACROS)
X#if !1L || 0L
S
S    /* 7.18.4.1 macros for minimum-width integer constants */
S#define INT8_C(x)   (x)
S#define INT16_C(x)  (x)
S#define INT32_C(x)  (x)
S#define INT64_C(x)  __ESCAPE__(x ## ll)
S
S#define UINT8_C(x)  (x ## u)
S#define UINT16_C(x) (x ## u)
S#define UINT32_C(x) (x ## u)
S#define UINT64_C(x) __ESCAPE__(x ## ull)
S
S    /* 7.18.4.2 macros for greatest-width integer constants */
S#define INTMAX_C(x)  __ESCAPE__(x ## ll)
S#define UINTMAX_C(x) __ESCAPE__(x ## ull)
S
N#endif /* __STDC_CONSTANT_MACROS */
N
N    #ifdef __cplusplus
N         }  /* extern "C" */
N      }  /* namespace std */
N    #endif /* __cplusplus */
N  #endif /* __STDINT_DECLS */
N
N  #ifdef __cplusplus
N    #ifndef __STDINT_NO_EXPORTS
N      using ::std::int8_t;
N      using ::std::int16_t;
N      using ::std::int32_t;
N      using ::std::int64_t;
N      using ::std::uint8_t;
N      using ::std::uint16_t;
N      using ::std::uint32_t;
N      using ::std::uint64_t;
N      using ::std::int_least8_t;
N      using ::std::int_least16_t;
N      using ::std::int_least32_t;
N      using ::std::int_least64_t;
N      using ::std::uint_least8_t;
N      using ::std::uint_least16_t;
N      using ::std::uint_least32_t;
N      using ::std::uint_least64_t;
N      using ::std::int_fast8_t;
N      using ::std::int_fast16_t;
N      using ::std::int_fast32_t;
N      using ::std::int_fast64_t;
N      using ::std::uint_fast8_t;
N      using ::std::uint_fast16_t;
N      using ::std::uint_fast32_t;
N      using ::std::uint_fast64_t;
N      using ::std::intptr_t;
N      using ::std::uintptr_t;
N      using ::std::intmax_t;
N      using ::std::uintmax_t;
N    #endif 
N  #endif /* __cplusplus */
N
N#endif /* __stdint_h */
N
N/* end of stdint.h */
N
N
N
L 42 "spifi_rom_api.h" 2
N
N#ifdef __cplusplus
Nextern "C"
N{
N#endif
N
N/* define the symbol TESTING in the environment	if test output desired */
N
N/* maintain LONGEST_PROT >= the length (in bytes) of the largest
N	protection block of any serial flash that this driver handles */
N#define LONGEST_PROT 68
N
Ntypedef uint8_t uc;
N
N#ifndef NULL
S#define NULL ((void *)0)
N#endif
N
N/* protection/sector descriptors */
Ntypedef struct {
N	uint32_t base;
N	uc flags;
N	int8_t log2;
N	uint16_t rept;
N} protEnt;
N/* bits in the flags byte */
Nenum {RWPROT=1};
N
N/* overall data structure includes # sectors, length of protection reg, 
N   array of descriptors 
Ntypedef struct {
N	uint16_t sectors;
N	uint16_t protBytes;
N	protEnt *entries;
N} protDesc;	*/
N
Ntypedef union {
N	uint16_t hw;
N	uc byte[2];
N}stat_t;
N/* the object that init returns, and other routines use as an operand */
Ntypedef struct {
N	uint32_t base, regbase, devSize, memSize;
N	uc mfger, devType, devID, busy;
N	stat_t stat;
N	uint16_t reserved;
N	uint16_t set_prot, write_prot;
N	uint32_t mem_cmd, prog_cmd;
N	uint16_t sectors, protBytes;
N	uint32_t opts, errCheck;
N	uc erase_shifts[4], erase_ops[4];
N	protEnt *protEnts;
N	char prot[LONGEST_PROT];
X	char prot[68];
N} SPIFIobj;
N
N/* operands of program and erase */
Ntypedef struct {
N	char *dest;
N	uint32_t length;
N    char *scratch;
N	int32_t protect;
N	uint32_t options;
N} SPIFIopers;
N
N/* instruction classes for wait_busy */
Ntypedef enum {stat_inst, block_erase, prog_inst, chip_erase} inst_type;
N
N/* bits in options operands (MODE3, RCVCLK, and FULLCLK 
N	have the same relationship as in the Control register) */
N#define S_MODE3 1
N#define S_MODE0 0
N#define S_MINIMAL 2
N#define S_MAXIMAL 0
N#define S_FORCE_ERASE 4
N#define S_ERASE_NOT_REQD 8
N#define S_CALLER_ERASE 8
N#define S_ERASE_AS_REQD 0
N#define S_VERIFY_PROG 0x10
N#define S_VERIFY_ERASE 0x20
N#define S_NO_VERIFY 0
N#define S_RCVCLK 0x80
N#define S_INTCLK 0
N#define S_FULLCLK 0x40
N#define S_HALFCLK 0
N#define S_DUAL 0x100
N#define S_CALLER_PROT 0x200
N#define S_DRIVER_PROT 0
N
N/* the following values in the first post-address memory command byte work
N   for all known quad devices that support "no opcode" operation */
N#define NO_OPCODE_FOLLOWS 0xA5
N#define    OPCODE_FOLLOWS 0xFF
N
N/* basic SPI commands for serial flash */
N#define BASE_READ_CMD        (CMD_RD<<OPCODE_SHIFT|4<<FRAMEFORM_SHIFT|UNL_DATA)
N#define FAST_READ_CMD (CMD_READ_FAST<<OPCODE_SHIFT|4<<FRAMEFORM_SHIFT|1<<INTLEN_SHIFT|UNL_DATA)
N#define BASE_PROG_CMD      (CMD_PROG<<OPCODE_SHIFT|4<<FRAMEFORM_SHIFT|DOUT)
N
N/* the length of a standard	program command is 256 on all devices */
N#define PROG_SIZE 256
N
N/* options in obj->opts (mostly for setMulti) */
N/* used by Winbond: send 0xA3 command so hardware can read faster */
N#define OPT_SEND_A3        1
N/* used by SST: send 0x38 command to enable quad and allow full command set */
N#define OPT_SEND_38        2
N/* used by Winbond and others: read status reg 2, check it, 
N	if necessary write it back with Quad Enable set */
N#define OPT_35_OR02_01     4
N/* used by Atmel: read Configuration register, if necessary set Quad Enable */
N#define OPT_3F_OR80_3E     8
N/* used by Numonyx to set all-quad mode: only for parts that include RSTQIO */
N#define OPT_65_CLR_C0_61   0x10
N/* used by Numonyx: send 0x81 command to write Volatile Configuration Register
N   to set # dummy bytes and allow XIP mode */
N#define OPT_81          0x20
N/* set for devices without full device erase command (Numonyx type 0x40) */
N#define OPT_NO_DEV_ERASE 0x40
N/* used by Macronix: status reg 2 includes selection between write-protect 
N	in status reg and command-based */
N#define OPT_WPSEL       0x80
N/* set when protection data has been read into the SPIFI object */
N#define OPT_PROT_READ  0x100
N/* set if device needs 4-byte address (and maybe 0x4B command = use 4-byte address) */
N#define OPT_4BAD       0x200
N/* set if setMulti should set the Dual bit in Control reg */
N#define OPT_DUAL	   0x400
N/* send "# dummy bits" in C0 command to Winbond */
N#define OPT_C0         0x800
N/* set QE for Chingis */
N#define OPT_05_OR40_01 0x1000
N/* write status does not go busy */
N#define OPT_01_NO_BUSY 0x2000
N/* protection mode bits moved from protMode byte to opts  Fri May 13 2011 */
N#define OPT_PROT_STAT 0x4000
N#define OPT_PROT_REG  0x8000
N#define OPT_PROT_CMD3 0x10000
N#define OPT_PROT_CMDE 0x20000
N#define OPT_PROT_MASK 0x3C000
N
N#define OPT_ALL_QUAD  0x40000
N
N#ifndef OMIT_ROM_TABLE
N/* interface to ROM API */
Ntypedef struct {
N  int32_t (*spifi_init)      (SPIFIobj *obj, uint32_t csHigh, uint32_t options, 
N                          uint32_t mhz);
N  int32_t (*spifi_program)   (SPIFIobj *obj, char *source, SPIFIopers *opers);
N  int32_t (*spifi_erase)     (SPIFIobj *obj, SPIFIopers *opers);
N  /* mode switching */
N  void (*cancel_mem_mode)(SPIFIobj *obj);
N  void (*set_mem_mode)   (SPIFIobj *obj);
N
N  /* mid level functions */
N  int32_t (*checkAd)         (SPIFIobj *obj, SPIFIopers *opers);
N  int32_t (*setProt)         (SPIFIobj *obj, SPIFIopers *opers, char *change, 
N                          char *saveProt);
N  int32_t (*check_block)     (SPIFIobj *obj, char *source, SPIFIopers *opers, 
N                          uint32_t check_program);
N  int32_t (*send_erase_cmd)  (SPIFIobj *obj, uint8_t op, uint32_t addr);
N  uint32_t (*ck_erase)   (SPIFIobj *obj, uint32_t *addr, uint32_t length);
N  int32_t (*prog_block)      (SPIFIobj *obj, char *source, SPIFIopers *opers, 
N                          uint32_t *left_in_page);
N  uint32_t (*ck_prog)    (SPIFIobj *obj, char *source, char *dest, uint32_t length);
N
N  /* low level functions */
N  void(*setSize)         (SPIFIobj *obj, int32_t value);
N  int32_t (*setDev)          (SPIFIobj *obj, uint32_t opts, uint32_t mem_cmd, 
N                          uint32_t prog_cmd);
N  uint32_t (*cmd)        (uc op, uc addrLen, uc intLen, uint16_t len);
N  uint32_t (*readAd)     (SPIFIobj *obj, uint32_t cmd, uint32_t addr);
N  void (*send04)         (SPIFIobj *obj, uc op, uc len, uint32_t value);
N  void (*wren_sendAd)    (SPIFIobj *obj, uint32_t cmd, uint32_t addr, uint32_t value);
N  int32_t (*write_stat)      (SPIFIobj *obj, uc len, uint16_t value);
N  int32_t (*wait_busy)       (SPIFIobj *obj, uc prog_or_erase);
N} SPIFI_RTNS;
N
N//#define SPIFI_ROM_PTR  0x10400118
N
N#define define_spifi_romPtr(ROM_BASE, name) const SPIFI_RTNS *name=*((SPIFI_RTNS **)ROM_BASE)
N#endif /* OMIT_ROM_TABLE */
N
N#ifdef USE_SPIFI_LIB
Sextern SPIFI_RTNS spifi_table;
N#endif	/* USE_SPIFI_LIB */
N 
N/* example of using this interface:
N#include "spifi_rom_api.h"
N#define CSHIGH 4
N#define SPIFI_MHZ 80
N#define source_data_ad (char *)1234
N
N	int32_t rc;
N	SPIFIopers opers;
N
N	define_spifi_romPtr(spifi);
N	SPIFIobj *obj = malloc(sizeof(SPIFIobj));
N	if (!obj) { can't allocate memory }
N
N	rc = spifi->spifi_init (obj, CSHIGH, S_FULLCLK+S_RCVCLK, SPIFI_MHZ);
N	if (rc) { investigate init error rc }
N	printf ("the serial flash contains %d bytes\n", obj->devSize);
N
N	opers.dest = where_to_program;
N	opers.length = how_many_bytes;
N	opers.scratch = NULL;			// unprogrammed data is not saved/restored
N	opers.protect = -1;				// save & restore protection
N	opers.options = S_VERIFY_PROG;
N
N	rc = spifi->spifi_program (obj, source_data_ad, &opers);
N	if (rc) { investigate program error rc }
N*/
N
N/* these are for normal users, including boot code */
Nint32_t spifi_init (SPIFIobj *obj, uint32_t csHigh, uint32_t options, uint32_t mhz);
Nint32_t spifi_program (SPIFIobj *obj, char *source, SPIFIopers *opers);
Nint32_t spifi_erase (SPIFIobj *obj, SPIFIopers *opers);
N
N/* these are used by the manufacturer-specific init functions */
Nvoid setSize (SPIFIobj *obj, int32_t value);
Nint32_t setDev (SPIFIobj *obj, uint32_t opts, uint32_t mem_cmd, uint32_t prog_cmd);
Nuint32_t read04(SPIFIobj *obj, uc op, uc len);
Nint32_t write_stat (SPIFIobj *obj, uc len, uint16_t value);
Nvoid setProtEnts(SPIFIobj *obj, const protEnt *p, uint32_t protTabLen);
N
N/* needs to be defined for each platform */
Nvoid pullMISO(int high);
N
N#ifdef TESTING
S/* used by testing code */
Sunsigned short getProtBytes (SPIFIobj *obj, unsigned short *sectors);
S/* predeclare a debug routine */
Svoid wait_sample (volatile unsigned *addr, unsigned mask, unsigned value);
N#endif
N
Nextern SPIFIobj g_spifi;
N
N#ifdef __cplusplus
N}
N#endif
N
N#endif /* SPIFI_ROM_API_H */
L 19 "flash.h" 2
N
N#define FLASH_SECTOR_SIZE        	0x1000
N#define FLASH_SECTOR_MASK(a)	 	(a&(~(FLASH_SECTOR_SIZE-1)))
N#define FLASH_SIZE               	g_spifi.memSize
N#define FLASH_BEGIN	             	0x14000000
N#define FLASH_BEGIN_B	 			g_spifi.base
N#define FLASH_END		 			(FLASH_BEGIN+FLASH_SIZE)
N#define FLASH_END_B		 			(FLASH_BEGIN_B+FLASH_SIZE)
N#define FLASH_OFFSET     			(FLASH_BEGIN_B-FLASH_BEGIN)
N
Nint32_t flash_erase(uint32_t addr, uint32_t len);
Nint32_t flash_program(uint32_t addr, const uint8_t *data, uint32_t len);
N
N#endif
N
L 18 "flash.cpp" 2
N
Nint32_t flash_erase(uint32_t addr, uint32_t len)
N{
N	SPIFIopers spifi;
N	uint32_t addrTemp;
N	uint32_t i;
N
N	// add offset
N	if (addr>=FLASH_BEGIN && addr<=FLASH_END)
X	if (addr>=0x14000000 && addr<=(0x14000000+g_spifi . memSize))
N		addr += FLASH_OFFSET;
X		addr += (g_spifi . base -0x14000000);
N
N	memset((void *)&spifi, 0, sizeof(spifi));
N
N	for (i=0; i<len; i+=FLASH_SECTOR_SIZE)
X	for (i=0; i<len; i+=0x1000)
N	{ 
N		addrTemp = FLASH_SECTOR_MASK(addr+i);
X		addrTemp = (addr+i&(~(0x1000-1)));
N		spifi.dest = (char *)addrTemp;
N		spifi.length = FLASH_SECTOR_SIZE;
X		spifi.length = 0x1000;
N		spifi.scratch = NULL;
X		spifi.scratch = 0;
N		spifi.options = S_VERIFY_ERASE;
X		spifi.options = 0x20;
N		if (spifi_erase(&g_spifi, &spifi)) 
N			return -1;
N	}
N	return 0;
N}
N
Nint32_t flash_program(uint32_t addr, const uint8_t *data, uint32_t len)
N{
N	SPIFIopers spifi;
N	// add offset
N	if (addr>=FLASH_BEGIN && addr<=FLASH_END)
X	if (addr>=0x14000000 && addr<=(0x14000000+g_spifi . memSize))
N		addr += FLASH_OFFSET;
X		addr += (g_spifi . base -0x14000000);
N
N 	memset((void *)&spifi, 0, sizeof(spifi));
N
N	spifi.dest = (char *)addr;
N	spifi.length = len;
N	spifi.scratch = NULL;
X	spifi.scratch = 0;
N	spifi.options = S_VERIFY_PROG;
X	spifi.options = 0x10;
N	if (spifi_program(&g_spifi, (char *)data, &spifi))
N		return -1;
N	return 0;
N}
