


ARM Macro Assembler    Page 1 


    1 00000000         ;/******************************************************
                       *****************
    2 00000000         ; * $Id: startup_LPC18xx.s 6473 2011-02-16 17:40:54Z nxp
                       27266 $
    3 00000000         ; *
    4 00000000         ; * Project: LPC18xx CMSIS Package
    5 00000000         ; *
    6 00000000         ; * Description: Cortex-M3 Core Device Startup File for 
                       the NXP LPC18xx 
    7 00000000         ; *              Device Series.
    8 00000000         ; *
    9 00000000         ; * Copyright(C) 2011, NXP Semiconductor
   10 00000000         ; * All rights reserved.
   11 00000000         ; *
   12 00000000         ; ******************************************************
                       *****************
   13 00000000         ; * Software that is described herein is for illustrativ
                       e purposes only
   14 00000000         ; * which provides customers with programming informatio
                       n regarding the
   15 00000000         ; * products. This software is supplied "AS IS" without 
                       any warranties.
   16 00000000         ; * NXP Semiconductors assumes no responsibility or liab
                       ility for the
   17 00000000         ; * use of the software, conveys no license or title und
                       er any patent,
   18 00000000         ; * copyright, or mask work right to the product. NXP Se
                       miconductors
   19 00000000         ; * reserves the right to make changes in the software w
                       ithout
   20 00000000         ; * notification. NXP Semiconductors also make no repres
                       entation or
   21 00000000         ; * warranty that such application will be suitable for 
                       the specified
   22 00000000         ; * use without further testing or modification.
   23 00000000         ; ******************************************************
                       ****************/
   24 00000000         
   25 00000000         ; <h> Stack Configuration
   26 00000000         ;   <o> Stack Size (in Bytes) <0x0-0xFFFFFFFF:8>
   27 00000000         ; </h>
   28 00000000         
   29 00000000 00000600 
                       Stack_Size
                               EQU              0x00000600
   30 00000000         
   31 00000000                 AREA             STACK, NOINIT, READWRITE, ALIGN
=3
   32 00000000         
   33 00000000         Stack_Mem
                               SPACE            Stack_Size
   34 00000600         __initial_sp
   35 00000600         
   36 00000600         ; <h> Heap Configuration
   37 00000600         ;   <o>  Heap Size (in Bytes) <0x0-0xFFFFFFFF:8>
   38 00000600         ; </h>
   39 00000600         
   40 00000600 00006800 
                       Heap_Size



ARM Macro Assembler    Page 2 


                               EQU              0x00006800
   41 00000600         
   42 00000600                 AREA             HEAP, NOINIT, READWRITE, ALIGN=
3
   43 00000000         __heap_base
   44 00000000         Heap_Mem
                               SPACE            Heap_Size
   45 00006800         __heap_limit
   46 00006800         
   47 00006800                 PRESERVE8
   48 00006800                 THUMB
   49 00006800         
   50 00006800         ; These 2 words need to be here for reset
   51 00006800         
   52 00006800                 AREA             RESET, DATA, READONLY
   53 00000000         
   54 00000000 00000000        DCD              __initial_sp ; 0 Top of Stack
   55 00000004 00000000        DCD              Reset_Handler ; 1 Reset Handler
                                                            
   56 00000008         
   57 00000008                 AREA             VECTORS, DATA, READONLY
   58 00000000                 EXPORT           __Vectors
   59 00000000         
   60 00000000 5A5A5A5A 
                       Sign_Value
                               EQU              0x5A5A5A5A
   61 00000000         
   62 00000000 00000000 
                       __Vectors
                               DCD              __initial_sp ; 0 Top of Stack
   63 00000004 00000000        DCD              Reset_Handler ; 1 Reset Handler
                                                            
   64 00000008 00000000        DCD              NMI_Handler ; 2 NMI Handler
   65 0000000C 00000000        DCD              HardFault_Handler ; 3 Hard Faul
                                                            t Handler
   66 00000010 00000000        DCD              MemManage_Handler ; 4 MPU Fault
                                                             Handler
   67 00000014 00000000        DCD              BusFault_Handler ; 5 Bus Fault 
                                                            Handler
   68 00000018 00000000        DCD              UsageFault_Handler ; 6 Usage Fa
                                                            ult Handler
   69 0000001C 5A5A5A5A        DCD              Sign_Value  ; 7 Reserved
   70 00000020 00000000        DCD              0           ; 8 Reserved
   71 00000024 00000000        DCD              0           ; 9 Reserved
   72 00000028 00000000        DCD              0           ; 10 Reserved
   73 0000002C 00000000        DCD              SVC_Handler ; 11 SVCall Handler
                                                            
   74 00000030 00000000        DCD              DebugMon_Handler ; 12 Debug Mon
                                                            itor Handler
   75 00000034 00000000        DCD              0           ; 13 Reserved
   76 00000038 00000000        DCD              PendSV_Handler 
                                                            ; 14 PendSV Handler
                                                            
   77 0000003C 00000000        DCD              SysTick_Handler ; 15 SysTick Ha
                                                            ndler
   78 00000040         
   79 00000040         ; External Interrupts    
   80 00000040 00000000        DCD              DAC_IRQHandler 
                                                            ; 16 D/A Converter



ARM Macro Assembler    Page 3 


   81 00000044 00000000        DCD              M0CORE_IRQHandler ; 17 M0 Core
   82 00000048 00000000        DCD              DMA_IRQHandler ; 18 General Pur
                                                            pose DMA
   83 0000004C 00000000        DCD              EZH_IRQHandler ; 19 EZH/EDM
   84 00000050 00000000        DCD              FLASH_EEPROM_IRQHandler ; 20 Re
                                                            served for Typhoon
   85 00000054 00000000        DCD              ETH_IRQHandler ; 21 Ethernet
   86 00000058 00000000        DCD              SDIO_IRQHandler ; 22 SD/MMC
   87 0000005C 00000000        DCD              LCD_IRQHandler ; 23 LCD
   88 00000060 00000000        DCD              USB0_IRQHandler ; 24 USB0
   89 00000064 00000000        DCD              USB1_IRQHandler ; 25 USB1
   90 00000068 00000000        DCD              SCT_IRQHandler ; 26 State Confi
                                                            gurable Timer
   91 0000006C 00000000        DCD              RIT_IRQHandler ; 27 Repetitive 
                                                            Interrupt Timer
   92 00000070 00000000        DCD              TIMER0_IRQHandler ; 28 Timer0
   93 00000074 00000000        DCD              TIMER1_IRQHandler ; 29 Timer1
   94 00000078 00000000        DCD              TIMER2_IRQHandler ; 30 Timer2
   95 0000007C 00000000        DCD              TIMER3_IRQHandler ; 31 Timer3
   96 00000080 00000000        DCD              MCPWM_IRQHandler ; 32 Motor Con
                                                            trol PWM
   97 00000084 00000000        DCD              ADC0_IRQHandler ; 33 A/D Conver
                                                            ter 0
   98 00000088 00000000        DCD              I2C0_IRQHandler ; 34 I2C0
   99 0000008C 00000000        DCD              I2C1_IRQHandler ; 35 I2C1
  100 00000090 00000000        DCD              SPI_IRQHandler ; 36 SPI
  101 00000094 00000000        DCD              ADC1_IRQHandler ; 37 A/D Conver
                                                            ter 1
  102 00000098 00000000        DCD              SSP0_IRQHandler ; 38 SSP0
  103 0000009C 00000000        DCD              SSP1_IRQHandler ; 39 SSP1
  104 000000A0 00000000        DCD              UART0_IRQHandler ; 40 UART0
  105 000000A4 00000000        DCD              UART1_IRQHandler ; 41 UART1
  106 000000A8 00000000        DCD              UART2_IRQHandler ; 42 UART2
  107 000000AC 00000000        DCD              UART3_IRQHandler ; 43 UART3
  108 000000B0 00000000        DCD              I2S0_IRQHandler ; 44 I2S0
  109 000000B4 00000000        DCD              I2S1_IRQHandler ; 45 I2S1
  110 000000B8 00000000        DCD              SPIFI_IRQHandler ; 46 SPI Flash
                                                             Interface
  111 000000BC 00000000        DCD              SGPIO_IRQHandler ; 47 SGPIO
  112 000000C0 00000000        DCD              GPIO0_IRQHandler ; 48 GPIO0
  113 000000C4 00000000        DCD              GPIO1_IRQHandler ; 49 GPIO1
  114 000000C8 00000000        DCD              GPIO2_IRQHandler ; 50 GPIO2
  115 000000CC 00000000        DCD              GPIO3_IRQHandler ; 51 GPIO3
  116 000000D0 00000000        DCD              GPIO4_IRQHandler ; 52 GPIO4
  117 000000D4 00000000        DCD              GPIO5_IRQHandler ; 53 GPIO5
  118 000000D8 00000000        DCD              GPIO6_IRQHandler ; 54 GPIO6
  119 000000DC 00000000        DCD              GPIO7_IRQHandler ; 55 GPIO7
  120 000000E0 00000000        DCD              GINT0_IRQHandler ; 56 GINT0
  121 000000E4 00000000        DCD              GINT1_IRQHandler ; 57 GINT1
  122 000000E8 00000000        DCD              EVRT_IRQHandler 
                                                            ; 58 Event Router
  123 000000EC 00000000        DCD              CAN1_IRQHandler ; 59 C_CAN1
  124 000000F0 00000000        DCD              0           ; 60 Reserved
  125 000000F4 00000000        DCD              VADC_IRQHandler ; 61 VADC
  126 000000F8 00000000        DCD              ATIMER_IRQHandler ; 62 ATIMER
  127 000000FC 00000000        DCD              RTC_IRQHandler ; 63 RTC
  128 00000100 00000000        DCD              0           ; 64 Reserved
  129 00000104 00000000        DCD              WDT_IRQHandler ; 65 WDT
  130 00000108 00000000        DCD              M0s_IRQHandler ; 66 M0s



ARM Macro Assembler    Page 4 


  131 0000010C 00000000        DCD              CAN0_IRQHandler ; 67 C_CAN0
  132 00000110 00000000        DCD              QEI_IRQHandler ; 68 QEI
  133 00000114         
  134 00000114         
  135 00000114                 IF               :LNOT::DEF:NO_CRP
  138                          ENDIF
  139 00000114         
  140 00000114                 AREA             |.text|, CODE, READONLY
  141 00000000         
  142 00000000         ; Reset Handler
  143 00000000         
  144 00000000         Reset_Handler
                               PROC
  145 00000000                 EXPORT           Reset_Handler             [WEAK
]
  146 00000000         ; setup FPU (important to do it here, before everything 
                       else)
  147 00000000 F8DF 002C       LDR.W            R0, =0xE000ED88
  148 00000004         ; Read CPACR
  149 00000004 6801            LDR              R1, [R0]
  150 00000006         ; Set bits 20-23 to enable CP10 and CP11 coprocessors
  151 00000006 F441 0170       ORR              R1, R1, #(0xF << 20)
  152 0000000A         ; Write back the modified value to the CPACR
  153 0000000A 6001            STR              R1, [R0]
  154 0000000C         
  155 0000000C         ; now do everything else
  156 0000000C                 IMPORT           __main
  157 0000000C 4809            LDR              R0, =__main
  158 0000000E 4700            BX               R0
  159 00000010                 ENDP
  160 00000010         
  161 00000010         ; Dummy Exception Handlers (infinite loops which can be 
                       modified)                
  162 00000010         
  163 00000010         NMI_Handler
                               PROC
  164 00000010                 EXPORT           NMI_Handler               [WEAK
]
  165 00000010 E7FE            B                .
  166 00000012                 ENDP
  168 00000012         HardFault_Handler
                               PROC
  169 00000012                 EXPORT           HardFault_Handler         [WEAK
]
  170 00000012 E7FE            B                .
  171 00000014                 ENDP
  173 00000014         MemManage_Handler
                               PROC
  174 00000014                 EXPORT           MemManage_Handler         [WEAK
]
  175 00000014 E7FE            B                .
  176 00000016                 ENDP
  178 00000016         BusFault_Handler
                               PROC
  179 00000016                 EXPORT           BusFault_Handler          [WEAK
]
  180 00000016 E7FE            B                .
  181 00000018                 ENDP
  183 00000018         UsageFault_Handler



ARM Macro Assembler    Page 5 


                               PROC
  184 00000018                 EXPORT           UsageFault_Handler        [WEAK
]
  185 00000018 E7FE            B                .
  186 0000001A                 ENDP
  187 0000001A         SVC_Handler
                               PROC
  188 0000001A                 EXPORT           SVC_Handler               [WEAK
]
  189 0000001A E7FE            B                .
  190 0000001C                 ENDP
  192 0000001C         DebugMon_Handler
                               PROC
  193 0000001C                 EXPORT           DebugMon_Handler          [WEAK
]
  194 0000001C E7FE            B                .
  195 0000001E                 ENDP
  196 0000001E         PendSV_Handler
                               PROC
  197 0000001E                 EXPORT           PendSV_Handler            [WEAK
]
  198 0000001E E7FE            B                .
  199 00000020                 ENDP
  200 00000020         SysTick_Handler
                               PROC
  201 00000020                 EXPORT           SysTick_Handler           [WEAK
]
  202 00000020 E7FE            B                .
  203 00000022                 ENDP
  204 00000022         
  205 00000022         Default_Handler
                               PROC
  206 00000022         
  207 00000022                 EXPORT           DAC_IRQHandler  [WEAK]
  208 00000022                 EXPORT           M0CORE_IRQHandler [WEAK]
  209 00000022                 EXPORT           DMA_IRQHandler  [WEAK]
  210 00000022                 EXPORT           EZH_IRQHandler  [WEAK]
  211 00000022                 EXPORT           FLASH_EEPROM_IRQHandler [WEAK]
  212 00000022                 EXPORT           ETH_IRQHandler  [WEAK]
  213 00000022                 EXPORT           SDIO_IRQHandler  [WEAK]
  214 00000022                 EXPORT           LCD_IRQHandler  [WEAK]
  215 00000022                 EXPORT           USB0_IRQHandler  [WEAK]
  216 00000022                 EXPORT           USB1_IRQHandler  [WEAK]
  217 00000022                 EXPORT           SCT_IRQHandler  [WEAK]
  218 00000022                 EXPORT           RIT_IRQHandler  [WEAK]
  219 00000022                 EXPORT           TIMER0_IRQHandler [WEAK]
  220 00000022                 EXPORT           TIMER1_IRQHandler [WEAK]
  221 00000022                 EXPORT           TIMER2_IRQHandler [WEAK]
  222 00000022                 EXPORT           TIMER3_IRQHandler [WEAK]
  223 00000022                 EXPORT           MCPWM_IRQHandler [WEAK]
  224 00000022                 EXPORT           ADC0_IRQHandler  [WEAK]
  225 00000022                 EXPORT           I2C0_IRQHandler  [WEAK]
  226 00000022                 EXPORT           I2C1_IRQHandler  [WEAK]
  227 00000022                 EXPORT           SPI_IRQHandler  [WEAK]
  228 00000022                 EXPORT           ADC1_IRQHandler  [WEAK]
  229 00000022                 EXPORT           SSP0_IRQHandler  [WEAK]
  230 00000022                 EXPORT           SSP1_IRQHandler  [WEAK]
  231 00000022                 EXPORT           UART0_IRQHandler [WEAK]
  232 00000022                 EXPORT           UART1_IRQHandler [WEAK]



ARM Macro Assembler    Page 6 


  233 00000022                 EXPORT           UART2_IRQHandler [WEAK]
  234 00000022                 EXPORT           UART3_IRQHandler [WEAK]
  235 00000022                 EXPORT           I2S0_IRQHandler  [WEAK]
  236 00000022                 EXPORT           I2S1_IRQHandler  [WEAK]
  237 00000022                 EXPORT           SPIFI_IRQHandler [WEAK]
  238 00000022                 EXPORT           SGPIO_IRQHandler [WEAK]
  239 00000022                 EXPORT           GPIO0_IRQHandler [WEAK]
  240 00000022                 EXPORT           GPIO1_IRQHandler [WEAK]
  241 00000022                 EXPORT           GPIO2_IRQHandler [WEAK]
  242 00000022                 EXPORT           GPIO3_IRQHandler [WEAK]
  243 00000022                 EXPORT           GPIO4_IRQHandler [WEAK]
  244 00000022                 EXPORT           GPIO5_IRQHandler [WEAK]
  245 00000022                 EXPORT           GPIO6_IRQHandler [WEAK]
  246 00000022                 EXPORT           GPIO7_IRQHandler [WEAK]
  247 00000022                 EXPORT           GINT0_IRQHandler [WEAK]
  248 00000022                 EXPORT           GINT1_IRQHandler [WEAK]
  249 00000022                 EXPORT           EVRT_IRQHandler  [WEAK]
  250 00000022                 EXPORT           CAN1_IRQHandler  [WEAK]
  251 00000022         ;     EXPORT RESERVED3   [WEAK]
  252 00000022                 EXPORT           VADC_IRQHandler  [WEAK]
  253 00000022                 EXPORT           ATIMER_IRQHandler [WEAK]
  254 00000022                 EXPORT           RTC_IRQHandler  [WEAK]
  255 00000022         ;     EXPORT RESERVED4   [WEAK]
  256 00000022                 EXPORT           WDT_IRQHandler  [WEAK]
  257 00000022                 EXPORT           M0s_IRQHandler  [WEAK]
  258 00000022                 EXPORT           CAN0_IRQHandler  [WEAK]
  259 00000022                 EXPORT           QEI_IRQHandler  [WEAK]
  260 00000022         
  261 00000022         
  262 00000022         DAC_IRQHandler
  263 00000022         M0CORE_IRQHandler
  264 00000022         DMA_IRQHandler
  265 00000022         EZH_IRQHandler
  266 00000022         FLASH_EEPROM_IRQHandler
  267 00000022         ETH_IRQHandler
  268 00000022         SDIO_IRQHandler
  269 00000022         LCD_IRQHandler
  270 00000022         USB0_IRQHandler
  271 00000022         USB1_IRQHandler
  272 00000022         SCT_IRQHandler
  273 00000022         RIT_IRQHandler
  274 00000022         TIMER0_IRQHandler
  275 00000022         TIMER1_IRQHandler
  276 00000022         TIMER2_IRQHandler
  277 00000022         TIMER3_IRQHandler
  278 00000022         MCPWM_IRQHandler
  279 00000022         ADC0_IRQHandler
  280 00000022         I2C0_IRQHandler
  281 00000022         I2C1_IRQHandler
  282 00000022         SPI_IRQHandler
  283 00000022         ADC1_IRQHandler
  284 00000022         SSP0_IRQHandler
  285 00000022         SSP1_IRQHandler
  286 00000022         UART0_IRQHandler
  287 00000022         UART1_IRQHandler
  288 00000022         UART2_IRQHandler
  289 00000022         UART3_IRQHandler
  290 00000022         I2S0_IRQHandler
  291 00000022         I2S1_IRQHandler



ARM Macro Assembler    Page 7 


  292 00000022         SPIFI_IRQHandler
  293 00000022         SGPIO_IRQHandler
  294 00000022         GPIO0_IRQHandler
  295 00000022         GPIO1_IRQHandler
  296 00000022         GPIO2_IRQHandler
  297 00000022         GPIO3_IRQHandler
  298 00000022         GPIO4_IRQHandler
  299 00000022         GPIO5_IRQHandler
  300 00000022         GPIO6_IRQHandler
  301 00000022         GPIO7_IRQHandler
  302 00000022         GINT0_IRQHandler
  303 00000022         GINT1_IRQHandler
  304 00000022         EVRT_IRQHandler
  305 00000022         CAN1_IRQHandler
  306 00000022         ;RESERVED3
  307 00000022         VADC_IRQHandler
  308 00000022         ATIMER_IRQHandler
  309 00000022         RTC_IRQHandler
  310 00000022         ;RESERVED4
  311 00000022         WDT_IRQHandler
  312 00000022         M0s_IRQHandler
  313 00000022         CAN0_IRQHandler
  314 00000022         QEI_IRQHandler
  315 00000022 E7FE            B                .
  316 00000024         
  317 00000024                 ENDP
  318 00000024         
  319 00000024                 ALIGN
  320 00000024         
  321 00000024         ; User Initial Stack & Heap
  322 00000024         
  323 00000024                 IF               :DEF:__MICROLIB
  330 00000024         
  331 00000024                 IMPORT           __use_two_region_memory
  332 00000024                 EXPORT           __user_initial_stackheap
  333 00000024         __user_initial_stackheap
  334 00000024         
  335 00000024 4804            LDR              R0, =  Heap_Mem
  336 00000026 4905            LDR              R1, =(Stack_Mem + Stack_Size)
  337 00000028 4A05            LDR              R2, = (Heap_Mem +  Heap_Size)
  338 0000002A 4B06            LDR              R3, = Stack_Mem
  339 0000002C 4770            BX               LR
  340 0000002E         
  341 0000002E 00 00           ALIGN
  342 00000030         
  343 00000030                 ENDIF
  344 00000030         
  345 00000030 E000ED88 
              00000000 
              00000000 
              00000600 
              00006800 
              00000000         AREA             |.text|,CODE, READONLY
  346 00000048         getPC   PROC
  347 00000048                 EXPORT           getPC
  348 00000048         
  349 00000048 4670            MOV              R0,LR
  350 0000004A 4770            BX               LR
  351 0000004C         



ARM Macro Assembler    Page 8 


  352 0000004C                 ENDP
  353 0000004C         
  354 0000004C                 END
Command Line: --debug --xref --cpu=Cortex-M4.fp --apcs=interwork --depend=.\sta
rtup_lpc43xx_m4.d -o.\startup_lpc43xx_m4.o -IC:\Keil_v5\ARM\RV31\INC -IC:\Keil_
v5\ARM\PACK\ARM\CMSIS\4.1.0\CMSIS\Include --predefine="NO_CRP SETA 1" --list=.\
startup_lpc43xx_m4.lst startup_LPC43xx_m4.s



ARM Macro Assembler    Page 1 Alphabetic symbol ordering
Relocatable symbols

STACK 00000000

Symbol: STACK
   Definitions
      At line 31 in file startup_LPC43xx_m4.s
   Uses
      None
Comment: STACK unused
Stack_Mem 00000000

Symbol: Stack_Mem
   Definitions
      At line 33 in file startup_LPC43xx_m4.s
   Uses
      At line 336 in file startup_LPC43xx_m4.s
      At line 338 in file startup_LPC43xx_m4.s

__initial_sp 00000600

Symbol: __initial_sp
   Definitions
      At line 34 in file startup_LPC43xx_m4.s
   Uses
      At line 54 in file startup_LPC43xx_m4.s
      At line 62 in file startup_LPC43xx_m4.s

3 symbols



ARM Macro Assembler    Page 1 Alphabetic symbol ordering
Relocatable symbols

HEAP 00000000

Symbol: HEAP
   Definitions
      At line 42 in file startup_LPC43xx_m4.s
   Uses
      None
Comment: HEAP unused
Heap_Mem 00000000

Symbol: Heap_Mem
   Definitions
      At line 44 in file startup_LPC43xx_m4.s
   Uses
      At line 335 in file startup_LPC43xx_m4.s
      At line 337 in file startup_LPC43xx_m4.s

__heap_base 00000000

Symbol: __heap_base
   Definitions
      At line 43 in file startup_LPC43xx_m4.s
   Uses
      None
Comment: __heap_base unused
__heap_limit 00006800

Symbol: __heap_limit
   Definitions
      At line 45 in file startup_LPC43xx_m4.s
   Uses
      None
Comment: __heap_limit unused
4 symbols



ARM Macro Assembler    Page 1 Alphabetic symbol ordering
Relocatable symbols

RESET 00000000

Symbol: RESET
   Definitions
      At line 52 in file startup_LPC43xx_m4.s
   Uses
      None
Comment: RESET unused
1 symbol



ARM Macro Assembler    Page 1 Alphabetic symbol ordering
Relocatable symbols

VECTORS 00000000

Symbol: VECTORS
   Definitions
      At line 57 in file startup_LPC43xx_m4.s
   Uses
      None
Comment: VECTORS unused
__Vectors 00000000

Symbol: __Vectors
   Definitions
      At line 62 in file startup_LPC43xx_m4.s
   Uses
      At line 58 in file startup_LPC43xx_m4.s
Comment: __Vectors used once
2 symbols



ARM Macro Assembler    Page 1 Alphabetic symbol ordering
Relocatable symbols

.text 00000000

Symbol: .text
   Definitions
      At line 140 in file startup_LPC43xx_m4.s
   Uses
      None
Comment: .text unused
ADC0_IRQHandler 00000022

Symbol: ADC0_IRQHandler
   Definitions
      At line 279 in file startup_LPC43xx_m4.s
   Uses
      At line 97 in file startup_LPC43xx_m4.s
      At line 224 in file startup_LPC43xx_m4.s

ADC1_IRQHandler 00000022

Symbol: ADC1_IRQHandler
   Definitions
      At line 283 in file startup_LPC43xx_m4.s
   Uses
      At line 101 in file startup_LPC43xx_m4.s
      At line 228 in file startup_LPC43xx_m4.s

ATIMER_IRQHandler 00000022

Symbol: ATIMER_IRQHandler
   Definitions
      At line 308 in file startup_LPC43xx_m4.s
   Uses
      At line 126 in file startup_LPC43xx_m4.s
      At line 253 in file startup_LPC43xx_m4.s

BusFault_Handler 00000016

Symbol: BusFault_Handler
   Definitions
      At line 178 in file startup_LPC43xx_m4.s
   Uses
      At line 67 in file startup_LPC43xx_m4.s
      At line 179 in file startup_LPC43xx_m4.s

CAN0_IRQHandler 00000022

Symbol: CAN0_IRQHandler
   Definitions
      At line 313 in file startup_LPC43xx_m4.s
   Uses
      At line 131 in file startup_LPC43xx_m4.s
      At line 258 in file startup_LPC43xx_m4.s

CAN1_IRQHandler 00000022

Symbol: CAN1_IRQHandler
   Definitions
      At line 305 in file startup_LPC43xx_m4.s
   Uses



ARM Macro Assembler    Page 2 Alphabetic symbol ordering
Relocatable symbols

      At line 123 in file startup_LPC43xx_m4.s
      At line 250 in file startup_LPC43xx_m4.s

DAC_IRQHandler 00000022

Symbol: DAC_IRQHandler
   Definitions
      At line 262 in file startup_LPC43xx_m4.s
   Uses
      At line 80 in file startup_LPC43xx_m4.s
      At line 207 in file startup_LPC43xx_m4.s

DMA_IRQHandler 00000022

Symbol: DMA_IRQHandler
   Definitions
      At line 264 in file startup_LPC43xx_m4.s
   Uses
      At line 82 in file startup_LPC43xx_m4.s
      At line 209 in file startup_LPC43xx_m4.s

DebugMon_Handler 0000001C

Symbol: DebugMon_Handler
   Definitions
      At line 192 in file startup_LPC43xx_m4.s
   Uses
      At line 74 in file startup_LPC43xx_m4.s
      At line 193 in file startup_LPC43xx_m4.s

Default_Handler 00000022

Symbol: Default_Handler
   Definitions
      At line 205 in file startup_LPC43xx_m4.s
   Uses
      None
Comment: Default_Handler unused
ETH_IRQHandler 00000022

Symbol: ETH_IRQHandler
   Definitions
      At line 267 in file startup_LPC43xx_m4.s
   Uses
      At line 85 in file startup_LPC43xx_m4.s
      At line 212 in file startup_LPC43xx_m4.s

EVRT_IRQHandler 00000022

Symbol: EVRT_IRQHandler
   Definitions
      At line 304 in file startup_LPC43xx_m4.s
   Uses
      At line 122 in file startup_LPC43xx_m4.s
      At line 249 in file startup_LPC43xx_m4.s

EZH_IRQHandler 00000022

Symbol: EZH_IRQHandler



ARM Macro Assembler    Page 3 Alphabetic symbol ordering
Relocatable symbols

   Definitions
      At line 265 in file startup_LPC43xx_m4.s
   Uses
      At line 83 in file startup_LPC43xx_m4.s
      At line 210 in file startup_LPC43xx_m4.s

FLASH_EEPROM_IRQHandler 00000022

Symbol: FLASH_EEPROM_IRQHandler
   Definitions
      At line 266 in file startup_LPC43xx_m4.s
   Uses
      At line 84 in file startup_LPC43xx_m4.s
      At line 211 in file startup_LPC43xx_m4.s

GINT0_IRQHandler 00000022

Symbol: GINT0_IRQHandler
   Definitions
      At line 302 in file startup_LPC43xx_m4.s
   Uses
      At line 120 in file startup_LPC43xx_m4.s
      At line 247 in file startup_LPC43xx_m4.s

GINT1_IRQHandler 00000022

Symbol: GINT1_IRQHandler
   Definitions
      At line 303 in file startup_LPC43xx_m4.s
   Uses
      At line 121 in file startup_LPC43xx_m4.s
      At line 248 in file startup_LPC43xx_m4.s

GPIO0_IRQHandler 00000022

Symbol: GPIO0_IRQHandler
   Definitions
      At line 294 in file startup_LPC43xx_m4.s
   Uses
      At line 112 in file startup_LPC43xx_m4.s
      At line 239 in file startup_LPC43xx_m4.s

GPIO1_IRQHandler 00000022

Symbol: GPIO1_IRQHandler
   Definitions
      At line 295 in file startup_LPC43xx_m4.s
   Uses
      At line 113 in file startup_LPC43xx_m4.s
      At line 240 in file startup_LPC43xx_m4.s

GPIO2_IRQHandler 00000022

Symbol: GPIO2_IRQHandler
   Definitions
      At line 296 in file startup_LPC43xx_m4.s
   Uses
      At line 114 in file startup_LPC43xx_m4.s
      At line 241 in file startup_LPC43xx_m4.s



ARM Macro Assembler    Page 4 Alphabetic symbol ordering
Relocatable symbols


GPIO3_IRQHandler 00000022

Symbol: GPIO3_IRQHandler
   Definitions
      At line 297 in file startup_LPC43xx_m4.s
   Uses
      At line 115 in file startup_LPC43xx_m4.s
      At line 242 in file startup_LPC43xx_m4.s

GPIO4_IRQHandler 00000022

Symbol: GPIO4_IRQHandler
   Definitions
      At line 298 in file startup_LPC43xx_m4.s
   Uses
      At line 116 in file startup_LPC43xx_m4.s
      At line 243 in file startup_LPC43xx_m4.s

GPIO5_IRQHandler 00000022

Symbol: GPIO5_IRQHandler
   Definitions
      At line 299 in file startup_LPC43xx_m4.s
   Uses
      At line 117 in file startup_LPC43xx_m4.s
      At line 244 in file startup_LPC43xx_m4.s

GPIO6_IRQHandler 00000022

Symbol: GPIO6_IRQHandler
   Definitions
      At line 300 in file startup_LPC43xx_m4.s
   Uses
      At line 118 in file startup_LPC43xx_m4.s
      At line 245 in file startup_LPC43xx_m4.s

GPIO7_IRQHandler 00000022

Symbol: GPIO7_IRQHandler
   Definitions
      At line 301 in file startup_LPC43xx_m4.s
   Uses
      At line 119 in file startup_LPC43xx_m4.s
      At line 246 in file startup_LPC43xx_m4.s

HardFault_Handler 00000012

Symbol: HardFault_Handler
   Definitions
      At line 168 in file startup_LPC43xx_m4.s
   Uses
      At line 65 in file startup_LPC43xx_m4.s
      At line 169 in file startup_LPC43xx_m4.s

I2C0_IRQHandler 00000022

Symbol: I2C0_IRQHandler
   Definitions



ARM Macro Assembler    Page 5 Alphabetic symbol ordering
Relocatable symbols

      At line 280 in file startup_LPC43xx_m4.s
   Uses
      At line 98 in file startup_LPC43xx_m4.s
      At line 225 in file startup_LPC43xx_m4.s

I2C1_IRQHandler 00000022

Symbol: I2C1_IRQHandler
   Definitions
      At line 281 in file startup_LPC43xx_m4.s
   Uses
      At line 99 in file startup_LPC43xx_m4.s
      At line 226 in file startup_LPC43xx_m4.s

I2S0_IRQHandler 00000022

Symbol: I2S0_IRQHandler
   Definitions
      At line 290 in file startup_LPC43xx_m4.s
   Uses
      At line 108 in file startup_LPC43xx_m4.s
      At line 235 in file startup_LPC43xx_m4.s

I2S1_IRQHandler 00000022

Symbol: I2S1_IRQHandler
   Definitions
      At line 291 in file startup_LPC43xx_m4.s
   Uses
      At line 109 in file startup_LPC43xx_m4.s
      At line 236 in file startup_LPC43xx_m4.s

LCD_IRQHandler 00000022

Symbol: LCD_IRQHandler
   Definitions
      At line 269 in file startup_LPC43xx_m4.s
   Uses
      At line 87 in file startup_LPC43xx_m4.s
      At line 214 in file startup_LPC43xx_m4.s

M0CORE_IRQHandler 00000022

Symbol: M0CORE_IRQHandler
   Definitions
      At line 263 in file startup_LPC43xx_m4.s
   Uses
      At line 81 in file startup_LPC43xx_m4.s
      At line 208 in file startup_LPC43xx_m4.s

M0s_IRQHandler 00000022

Symbol: M0s_IRQHandler
   Definitions
      At line 312 in file startup_LPC43xx_m4.s
   Uses
      At line 130 in file startup_LPC43xx_m4.s
      At line 257 in file startup_LPC43xx_m4.s




ARM Macro Assembler    Page 6 Alphabetic symbol ordering
Relocatable symbols

MCPWM_IRQHandler 00000022

Symbol: MCPWM_IRQHandler
   Definitions
      At line 278 in file startup_LPC43xx_m4.s
   Uses
      At line 96 in file startup_LPC43xx_m4.s
      At line 223 in file startup_LPC43xx_m4.s

MemManage_Handler 00000014

Symbol: MemManage_Handler
   Definitions
      At line 173 in file startup_LPC43xx_m4.s
   Uses
      At line 66 in file startup_LPC43xx_m4.s
      At line 174 in file startup_LPC43xx_m4.s

NMI_Handler 00000010

Symbol: NMI_Handler
   Definitions
      At line 163 in file startup_LPC43xx_m4.s
   Uses
      At line 64 in file startup_LPC43xx_m4.s
      At line 164 in file startup_LPC43xx_m4.s

PendSV_Handler 0000001E

Symbol: PendSV_Handler
   Definitions
      At line 196 in file startup_LPC43xx_m4.s
   Uses
      At line 76 in file startup_LPC43xx_m4.s
      At line 197 in file startup_LPC43xx_m4.s

QEI_IRQHandler 00000022

Symbol: QEI_IRQHandler
   Definitions
      At line 314 in file startup_LPC43xx_m4.s
   Uses
      At line 132 in file startup_LPC43xx_m4.s
      At line 259 in file startup_LPC43xx_m4.s

RIT_IRQHandler 00000022

Symbol: RIT_IRQHandler
   Definitions
      At line 273 in file startup_LPC43xx_m4.s
   Uses
      At line 91 in file startup_LPC43xx_m4.s
      At line 218 in file startup_LPC43xx_m4.s

RTC_IRQHandler 00000022

Symbol: RTC_IRQHandler
   Definitions
      At line 309 in file startup_LPC43xx_m4.s



ARM Macro Assembler    Page 7 Alphabetic symbol ordering
Relocatable symbols

   Uses
      At line 127 in file startup_LPC43xx_m4.s
      At line 254 in file startup_LPC43xx_m4.s

Reset_Handler 00000000

Symbol: Reset_Handler
   Definitions
      At line 144 in file startup_LPC43xx_m4.s
   Uses
      At line 55 in file startup_LPC43xx_m4.s
      At line 63 in file startup_LPC43xx_m4.s
      At line 145 in file startup_LPC43xx_m4.s

SCT_IRQHandler 00000022

Symbol: SCT_IRQHandler
   Definitions
      At line 272 in file startup_LPC43xx_m4.s
   Uses
      At line 90 in file startup_LPC43xx_m4.s
      At line 217 in file startup_LPC43xx_m4.s

SDIO_IRQHandler 00000022

Symbol: SDIO_IRQHandler
   Definitions
      At line 268 in file startup_LPC43xx_m4.s
   Uses
      At line 86 in file startup_LPC43xx_m4.s
      At line 213 in file startup_LPC43xx_m4.s

SGPIO_IRQHandler 00000022

Symbol: SGPIO_IRQHandler
   Definitions
      At line 293 in file startup_LPC43xx_m4.s
   Uses
      At line 111 in file startup_LPC43xx_m4.s
      At line 238 in file startup_LPC43xx_m4.s

SPIFI_IRQHandler 00000022

Symbol: SPIFI_IRQHandler
   Definitions
      At line 292 in file startup_LPC43xx_m4.s
   Uses
      At line 110 in file startup_LPC43xx_m4.s
      At line 237 in file startup_LPC43xx_m4.s

SPI_IRQHandler 00000022

Symbol: SPI_IRQHandler
   Definitions
      At line 282 in file startup_LPC43xx_m4.s
   Uses
      At line 100 in file startup_LPC43xx_m4.s
      At line 227 in file startup_LPC43xx_m4.s




ARM Macro Assembler    Page 8 Alphabetic symbol ordering
Relocatable symbols

SSP0_IRQHandler 00000022

Symbol: SSP0_IRQHandler
   Definitions
      At line 284 in file startup_LPC43xx_m4.s
   Uses
      At line 102 in file startup_LPC43xx_m4.s
      At line 229 in file startup_LPC43xx_m4.s

SSP1_IRQHandler 00000022

Symbol: SSP1_IRQHandler
   Definitions
      At line 285 in file startup_LPC43xx_m4.s
   Uses
      At line 103 in file startup_LPC43xx_m4.s
      At line 230 in file startup_LPC43xx_m4.s

SVC_Handler 0000001A

Symbol: SVC_Handler
   Definitions
      At line 187 in file startup_LPC43xx_m4.s
   Uses
      At line 73 in file startup_LPC43xx_m4.s
      At line 188 in file startup_LPC43xx_m4.s

SysTick_Handler 00000020

Symbol: SysTick_Handler
   Definitions
      At line 200 in file startup_LPC43xx_m4.s
   Uses
      At line 77 in file startup_LPC43xx_m4.s
      At line 201 in file startup_LPC43xx_m4.s

TIMER0_IRQHandler 00000022

Symbol: TIMER0_IRQHandler
   Definitions
      At line 274 in file startup_LPC43xx_m4.s
   Uses
      At line 92 in file startup_LPC43xx_m4.s
      At line 219 in file startup_LPC43xx_m4.s

TIMER1_IRQHandler 00000022

Symbol: TIMER1_IRQHandler
   Definitions
      At line 275 in file startup_LPC43xx_m4.s
   Uses
      At line 93 in file startup_LPC43xx_m4.s
      At line 220 in file startup_LPC43xx_m4.s

TIMER2_IRQHandler 00000022

Symbol: TIMER2_IRQHandler
   Definitions
      At line 276 in file startup_LPC43xx_m4.s



ARM Macro Assembler    Page 9 Alphabetic symbol ordering
Relocatable symbols

   Uses
      At line 94 in file startup_LPC43xx_m4.s
      At line 221 in file startup_LPC43xx_m4.s

TIMER3_IRQHandler 00000022

Symbol: TIMER3_IRQHandler
   Definitions
      At line 277 in file startup_LPC43xx_m4.s
   Uses
      At line 95 in file startup_LPC43xx_m4.s
      At line 222 in file startup_LPC43xx_m4.s

UART0_IRQHandler 00000022

Symbol: UART0_IRQHandler
   Definitions
      At line 286 in file startup_LPC43xx_m4.s
   Uses
      At line 104 in file startup_LPC43xx_m4.s
      At line 231 in file startup_LPC43xx_m4.s

UART1_IRQHandler 00000022

Symbol: UART1_IRQHandler
   Definitions
      At line 287 in file startup_LPC43xx_m4.s
   Uses
      At line 105 in file startup_LPC43xx_m4.s
      At line 232 in file startup_LPC43xx_m4.s

UART2_IRQHandler 00000022

Symbol: UART2_IRQHandler
   Definitions
      At line 288 in file startup_LPC43xx_m4.s
   Uses
      At line 106 in file startup_LPC43xx_m4.s
      At line 233 in file startup_LPC43xx_m4.s

UART3_IRQHandler 00000022

Symbol: UART3_IRQHandler
   Definitions
      At line 289 in file startup_LPC43xx_m4.s
   Uses
      At line 107 in file startup_LPC43xx_m4.s
      At line 234 in file startup_LPC43xx_m4.s

USB0_IRQHandler 00000022

Symbol: USB0_IRQHandler
   Definitions
      At line 270 in file startup_LPC43xx_m4.s
   Uses
      At line 88 in file startup_LPC43xx_m4.s
      At line 215 in file startup_LPC43xx_m4.s

USB1_IRQHandler 00000022



ARM Macro Assembler    Page 10 Alphabetic symbol ordering
Relocatable symbols


Symbol: USB1_IRQHandler
   Definitions
      At line 271 in file startup_LPC43xx_m4.s
   Uses
      At line 89 in file startup_LPC43xx_m4.s
      At line 216 in file startup_LPC43xx_m4.s

UsageFault_Handler 00000018

Symbol: UsageFault_Handler
   Definitions
      At line 183 in file startup_LPC43xx_m4.s
   Uses
      At line 68 in file startup_LPC43xx_m4.s
      At line 184 in file startup_LPC43xx_m4.s

VADC_IRQHandler 00000022

Symbol: VADC_IRQHandler
   Definitions
      At line 307 in file startup_LPC43xx_m4.s
   Uses
      At line 125 in file startup_LPC43xx_m4.s
      At line 252 in file startup_LPC43xx_m4.s

WDT_IRQHandler 00000022

Symbol: WDT_IRQHandler
   Definitions
      At line 311 in file startup_LPC43xx_m4.s
   Uses
      At line 129 in file startup_LPC43xx_m4.s
      At line 256 in file startup_LPC43xx_m4.s

__user_initial_stackheap 00000024

Symbol: __user_initial_stackheap
   Definitions
      At line 333 in file startup_LPC43xx_m4.s
   Uses
      At line 332 in file startup_LPC43xx_m4.s
Comment: __user_initial_stackheap used once
getPC 00000048

Symbol: getPC
   Definitions
      At line 346 in file startup_LPC43xx_m4.s
   Uses
      At line 347 in file startup_LPC43xx_m4.s
Comment: getPC used once
65 symbols



ARM Macro Assembler    Page 1 Alphabetic symbol ordering
Absolute symbols

Heap_Size 00006800

Symbol: Heap_Size
   Definitions
      At line 40 in file startup_LPC43xx_m4.s
   Uses
      At line 44 in file startup_LPC43xx_m4.s
      At line 337 in file startup_LPC43xx_m4.s

Sign_Value 5A5A5A5A

Symbol: Sign_Value
   Definitions
      At line 60 in file startup_LPC43xx_m4.s
   Uses
      At line 69 in file startup_LPC43xx_m4.s
Comment: Sign_Value used once
Stack_Size 00000600

Symbol: Stack_Size
   Definitions
      At line 29 in file startup_LPC43xx_m4.s
   Uses
      At line 33 in file startup_LPC43xx_m4.s
      At line 336 in file startup_LPC43xx_m4.s

3 symbols



ARM Macro Assembler    Page 1 Alphabetic symbol ordering
External symbols

__main 00000000

Symbol: __main
   Definitions
      At line 156 in file startup_LPC43xx_m4.s
   Uses
      At line 157 in file startup_LPC43xx_m4.s
Comment: __main used once
__use_two_region_memory 00000000

Symbol: __use_two_region_memory
   Definitions
      At line 331 in file startup_LPC43xx_m4.s
   Uses
      None
Comment: __use_two_region_memory unused
2 symbols
416 symbols in table
